android/and/app/build/intermediates/manifest_merge_blame_file/debug/manifest-merger-blame-debug-report.txt
1<?xml version="1.0" encoding="utf-8"?>
2<manifest xmlns:android="http://schemas.android.com/apk/res/android"
3    package="com.example.myapplication"
4    android:versionCode="1"
5    android:versionName="1.0" >
6
7    <uses-sdk
8        android:minSdkVersion="21"
8-->src\main\AndroidManifest.xml
9        android:targetSdkVersion="32" />
9-->src\main\AndroidManifest.xml
10
11    <uses-permission android:name="android.permission.INTERNET" />
11-->src\main\AndroidManifest.xml:6:5-67
11-->src\main\AndroidManifest.xml:6:22-64
12
13    <application
13-->src\main\AndroidManifest.xml:8:5-67:19
14        android:allowBackup="true"
14-->src\main\AndroidManifest.xml:9:9-35
15        android:appComponentFactory="androidx.core.app.CoreComponentFactory"
15-->[androidx.core:core:1.8.0] AndroidManifest.xml:24:18-86
16        android:dataExtractionRules="@xml/data_extraction_rules"
16-->src\main\AndroidManifest.xml:10:9-65
17        android:debuggable="true"
18        android:fullBackupContent="@xml/backup_rules"
18-->src\main\AndroidManifest.xml:11:9-54
19        android:icon="@drawable/qr"
19-->src\main\AndroidManifest.xml:12:9-36
20        android:label="Phoney"
20-->src\main\AndroidManifest.xml:13:9-31
21        android:roundIcon="@drawable/qr"
21-->src\main\AndroidManifest.xml:14:9-41
22        android:supportsRtl="true"
22-->src\main\AndroidManifest.xml:15:9-35
23        android:testOnly="true"
24        android:theme="@style/Theme.MyApplication"
24-->src\main\AndroidManifest.xml:16:9-51
25        android:usesCleartextTraffic="true" >
25-->src\main\AndroidManifest.xml:17:9-44
26        <activity
26-->src\main\AndroidManifest.xml:19:9-21:40
27            android:name="com.example.myapplication.Scan_rfid"
27-->src\main\AndroidManifest.xml:20:13-38
28            android:exported="false" />
28-->src\main\AndroidManifest.xml:21:13-37
29        <activity
29-->src\main\AndroidManifest.xml:22:9-24:40
30            android:name="com.example.myapplication.View_prod"
30-->src\main\AndroidManifest.xml:23:13-38
31            android:exported="false" />
31-->src\main\AndroidManifest.xml:24:13-37
32        <activity
32-->src\main\AndroidManifest.xml:25:9-27:40
33            android:name="com.example.myapplication.Cusom_man"
33-->src\main\AndroidManifest.xml:26:13-38
34            android:exported="false" />
34-->src\main\AndroidManifest.xml:27:13-37
35        <activity
35-->src\main\AndroidManifest.xml:28:9-30:40
36            android:name="com.example.myapplication.View_man"
36-->src\main\AndroidManifest.xml:29:13-37
37            android:exported="false" />
37-->src\main\AndroidManifest.xml:30:13-37
38        <activity
38-->src\main\AndroidManifest.xml:31:9-35:70
39            android:name="com.example.myapplication.Comp"
39-->src\main\AndroidManifest.xml:32:13-33
40            android:exported="false"
40-->src\main\AndroidManifest.xml:33:13-37
41            android:label="@string/title_activity_comp"
41-->src\main\AndroidManifest.xml:34:13-56
42            android:theme="@style/Theme.MyApplication.NoActionBar" />
42-->src\main\AndroidManifest.xml:35:13-67
43        <activity
43-->src\main\AndroidManifest.xml:36:9-38:40
44            android:name="com.example.myapplication.Sendcomplaint"
44-->src\main\AndroidManifest.xml:37:13-42
45            android:exported="false" />
45-->src\main\AndroidManifest.xml:38:13-37
46        <activity
46-->src\main\AndroidManifest.xml:39:9-41:40
47            android:name="com.example.myapplication.Viewcomplaint"
47-->src\main\AndroidManifest.xml:40:13-42
48            android:exported="false" />
48-->src\main\AndroidManifest.xml:41:13-37
49        <activity
49-->src\main\AndroidManifest.xml:42:9-44:40
50            android:name="com.example.myapplication.forgo"
50-->src\main\AndroidManifest.xml:43:13-34
51            android:exported="false" />
51-->src\main\AndroidManifest.xml:44:13-37
52        <activity
52-->src\main\AndroidManifest.xml:45:9-49:70
53            android:name="com.example.myapplication.MainActivity2"
53-->src\main\AndroidManifest.xml:46:13-42
54            android:exported="false"
54-->src\main\AndroidManifest.xml:47:13-37
55            android:label="@string/title_activity_main2"
55-->src\main\AndroidManifest.xml:48:13-57
56            android:theme="@style/Theme.MyApplication.NoActionBar" />
56-->src\main\AndroidManifest.xml:49:13-67
57
58        <uses-library android:name="org.apache.http.legacy" />
58-->src\main\AndroidManifest.xml:51:9-63
58-->src\main\AndroidManifest.xml:51:23-60
59
60        <activity
60-->src\main\AndroidManifest.xml:53:9-61:20
61            android:name="com.example.myapplication.MainActivity"
61-->src\main\AndroidManifest.xml:54:13-41
62            android:exported="true" >
62-->src\main\AndroidManifest.xml:55:13-36
63            <intent-filter>
63-->src\main\AndroidManifest.xml:56:13-60:29
64                <action android:name="android.intent.action.MAIN" />
64-->src\main\AndroidManifest.xml:57:17-69
64-->src\main\AndroidManifest.xml:57:25-66
65
66                <category android:name="android.intent.category.LAUNCHER" />
66-->src\main\AndroidManifest.xml:59:17-77
66-->src\main\AndroidManifest.xml:59:27-74
67            </intent-filter>
68        </activity>
69        <activity android:name="com.example.myapplication.Product" />
69-->src\main\AndroidManifest.xml:62:9-45
69-->src\main\AndroidManifest.xml:62:19-42
70        <activity android:name="com.example.myapplication.Scan_qr" />
70-->src\main\AndroidManifest.xml:63:9-45
70-->src\main\AndroidManifest.xml:63:19-42
71        <activity android:name="com.example.myapplication.Registration" />
71-->src\main\AndroidManifest.xml:64:9-50
71-->src\main\AndroidManifest.xml:64:19-47
72        <activity android:name="com.example.myapplication.Login" />
72-->src\main\AndroidManifest.xml:65:9-43
72-->src\main\AndroidManifest.xml:65:19-40
73        <activity android:name="com.example.myapplication.Complaintsend" />
73-->src\main\AndroidManifest.xml:66:9-51
73-->src\main\AndroidManifest.xml:66:19-48
74
75        <provider
75-->[androidx.emoji2:emoji2:1.2.0] AndroidManifest.xml:24:9-32:20
76            android:name="androidx.startup.InitializationProvider"
76-->[androidx.emoji2:emoji2:1.2.0] AndroidManifest.xml:25:13-67
77            android:authorities="com.example.myapplication.androidx-startup"
77-->[androidx.emoji2:emoji2:1.2.0] AndroidManifest.xml:26:13-68
78            android:exported="false" >
78-->[androidx.emoji2:emoji2:1.2.0] AndroidManifest.xml:27:13-37
79            <meta-data
79-->[androidx.emoji2:emoji2:1.2.0] AndroidManifest.xml:29:13-31:52
80                android:name="androidx.emoji2.text.EmojiCompatInitializer"
80-->[androidx.emoji2:emoji2:1.2.0] AndroidManifest.xml:30:17-75
81                android:value="androidx.startup" />
81-->[androidx.emoji2:emoji2:1.2.0] AndroidManifest.xml:31:17-49
82            <meta-data
82-->[androidx.lifecycle:lifecycle-process:2.4.1] AndroidManifest.xml:31:13-33:52
83                android:name="androidx.lifecycle.ProcessLifecycleInitializer"
83-->[androidx.lifecycle:lifecycle-process:2.4.1] AndroidManifest.xml:32:17-78
84                android:value="androidx.startup" />
84-->[androidx.lifecycle:lifecycle-process:2.4.1] AndroidManifest.xml:33:17-49
85        </provider>
86
87        <uses-library
87-->[androidx.window:window:1.0.0] AndroidManifest.xml:25:9-27:40
88            android:name="androidx.window.extensions"
88-->[androidx.window:window:1.0.0] AndroidManifest.xml:26:13-54
89            android:required="false" />
89-->[androidx.window:window:1.0.0] AndroidManifest.xml:27:13-37
90        <uses-library
90-->[androidx.window:window:1.0.0] AndroidManifest.xml:28:9-30:40
91            android:name="androidx.window.sidecar"
91-->[androidx.window:window:1.0.0] AndroidManifest.xml:29:13-51
92            android:required="false" />
92-->[androidx.window:window:1.0.0] AndroidManifest.xml:30:13-37
93    </application>
94
95</manifest>